1717048197.921723 client started (33196): version 3.4, socket /private/tmp/tmux-501/default, protocol 8
1717048197.921787 on Darwin 23.2.0 Darwin Kernel Version 23.2.0: Wed Nov 15 21:54:10 PST 2023; root:xnu-10002.61.3~2/RELEASE_X86_64
1717048197.921833 using libevent 2.1.12-stable select
1717048197.922961 using utf8proc 2.9.0
1717048197.923003 using ncurses 6.5 20240427
1717048197.923063 flags are 0x10010000
1717048197.923079 socket is /private/tmp/tmux-501/default
1717048197.923098 trying connect
1717048197.923211 add peer 0x7fb81d831000: 6 (0x0)
1717048197.928287 sending message 100 to peer 0x7fb81d831000 (4 bytes)
1717048197.928327 sending message 111 to peer 0x7fb81d831000 (8 bytes)
1717048197.928348 sending message 101 to peer 0x7fb81d831000 (16 bytes)
1717048197.928376 sending message 109 to peer 0x7fb81d831000 (4 bytes)
1717048197.928385 sending message 102 to peer 0x7fb81d831000 (13 bytes)
1717048197.928394 sending message 108 to peer 0x7fb81d831000 (76 bytes)
1717048197.928403 sending message 112 to peer 0x7fb81d831000 (70 bytes)
1717048197.928411 sending message 112 to peer 0x7fb81d831000 (5 bytes)
1717048197.928420 sending message 112 to peer 0x7fb81d831000 (5 bytes)
1717048197.928433 sending message 112 to peer 0x7fb81d831000 (6 bytes)
1717048197.928679 sending message 112 to peer 0x7fb81d831000 (6 bytes)
1717048197.928730 sending message 112 to peer 0x7fb81d831000 (11 bytes)
1717048197.928739 sending message 112 to peer 0x7fb81d831000 (10 bytes)
1717048197.928747 sending message 112 to peer 0x7fb81d831000 (13 bytes)
1717048197.928812 sending message 112 to peer 0x7fb81d831000 (13 bytes)
1717048197.928838 sending message 112 to peer 0x7fb81d831000 (18 bytes)
1717048197.928851 sending message 112 to peer 0x7fb81d831000 (11 bytes)
1717048197.928860 sending message 112 to peer 0x7fb81d831000 (21 bytes)
1717048197.928869 sending message 112 to peer 0x7fb81d831000 (13 bytes)
1717048197.928877 sending message 112 to peer 0x7fb81d831000 (7 bytes)
1717048197.928885 sending message 112 to peer 0x7fb81d831000 (13 bytes)
1717048197.928894 sending message 112 to peer 0x7fb81d831000 (7 bytes)
1717048197.928901 sending message 112 to peer 0x7fb81d831000 (13 bytes)
1717048197.928909 sending message 112 to peer 0x7fb81d831000 (9 bytes)
1717048197.928917 sending message 112 to peer 0x7fb81d831000 (21 bytes)
1717048197.928924 sending message 112 to peer 0x7fb81d831000 (13 bytes)
1717048197.928932 sending message 112 to peer 0x7fb81d831000 (8 bytes)
1717048197.928940 sending message 112 to peer 0x7fb81d831000 (12 bytes)
1717048197.928948 sending message 112 to peer 0x7fb81d831000 (13 bytes)
1717048197.928955 sending message 112 to peer 0x7fb81d831000 (9 bytes)
1717048197.928962 sending message 112 to peer 0x7fb81d831000 (9 bytes)
1717048197.928969 sending message 112 to peer 0x7fb81d831000 (12 bytes)
1717048197.928977 sending message 112 to peer 0x7fb81d831000 (8 bytes)
1717048197.928984 sending message 112 to peer 0x7fb81d831000 (7 bytes)
1717048197.928991 sending message 112 to peer 0x7fb81d831000 (7 bytes)
1717048197.928998 sending message 112 to peer 0x7fb81d831000 (9 bytes)
1717048197.929005 sending message 112 to peer 0x7fb81d831000 (13 bytes)
1717048197.929012 sending message 112 to peer 0x7fb81d831000 (9 bytes)
1717048197.929020 sending message 112 to peer 0x7fb81d831000 (13 bytes)
1717048197.929027 sending message 112 to peer 0x7fb81d831000 (12 bytes)
1717048197.929035 sending message 112 to peer 0x7fb81d831000 (8 bytes)
1717048197.929042 sending message 112 to peer 0x7fb81d831000 (9 bytes)
1717048197.929049 sending message 112 to peer 0x7fb81d831000 (10 bytes)
1717048197.929056 sending message 112 to peer 0x7fb81d831000 (10 bytes)
1717048197.929064 sending message 112 to peer 0x7fb81d831000 (10 bytes)
1717048197.929071 sending message 112 to peer 0x7fb81d831000 (10 bytes)
1717048197.929078 sending message 112 to peer 0x7fb81d831000 (11 bytes)
1717048197.929085 sending message 112 to peer 0x7fb81d831000 (10 bytes)
1717048197.929092 sending message 112 to peer 0x7fb81d831000 (8 bytes)
1717048197.929099 sending message 112 to peer 0x7fb81d831000 (11 bytes)
1717048197.929123 sending message 112 to peer 0x7fb81d831000 (11 bytes)
1717048197.929128 sending message 112 to peer 0x7fb81d831000 (11 bytes)
1717048197.929133 sending message 112 to peer 0x7fb81d831000 (8 bytes)
1717048197.929138 sending message 112 to peer 0x7fb81d831000 (8 bytes)
1717048197.929144 sending message 112 to peer 0x7fb81d831000 (8 bytes)
1717048197.929149 sending message 112 to peer 0x7fb81d831000 (10 bytes)
1717048197.929154 sending message 112 to peer 0x7fb81d831000 (10 bytes)
1717048197.929159 sending message 112 to peer 0x7fb81d831000 (10 bytes)
1717048197.929164 sending message 112 to peer 0x7fb81d831000 (10 bytes)
1717048197.929169 sending message 112 to peer 0x7fb81d831000 (10 bytes)
1717048197.929174 sending message 112 to peer 0x7fb81d831000 (11 bytes)
1717048197.929179 sending message 112 to peer 0x7fb81d831000 (11 bytes)
1717048197.929184 sending message 112 to peer 0x7fb81d831000 (10 bytes)
1717048197.929189 sending message 112 to peer 0x7fb81d831000 (9 bytes)
1717048197.929194 sending message 112 to peer 0x7fb81d831000 (9 bytes)
1717048197.929199 sending message 112 to peer 0x7fb81d831000 (12 bytes)
1717048197.929204 sending message 112 to peer 0x7fb81d831000 (9 bytes)
1717048197.929209 sending message 112 to peer 0x7fb81d831000 (6 bytes)
1717048197.929214 sending message 112 to peer 0x7fb81d831000 (8 bytes)
1717048197.929219 sending message 112 to peer 0x7fb81d831000 (15 bytes)
1717048197.929225 sending message 112 to peer 0x7fb81d831000 (13 bytes)
1717048197.929230 sending message 112 to peer 0x7fb81d831000 (70 bytes)
1717048197.929238 sending message 112 to peer 0x7fb81d831000 (69 bytes)
1717048197.929243 sending message 112 to peer 0x7fb81d831000 (10 bytes)
1717048197.929248 sending message 112 to peer 0x7fb81d831000 (8 bytes)
1717048197.929253 sending message 112 to peer 0x7fb81d831000 (15 bytes)
1717048197.929258 sending message 112 to peer 0x7fb81d831000 (13 bytes)
1717048197.929266 sending message 112 to peer 0x7fb81d831000 (10 bytes)
1717048197.929271 sending message 112 to peer 0x7fb81d831000 (10 bytes)
1717048197.929276 sending message 112 to peer 0x7fb81d831000 (5 bytes)
1717048197.929281 sending message 112 to peer 0x7fb81d831000 (5 bytes)
1717048197.929288 sending message 104 to peer 0x7fb81d831000 (0 bytes)
1717048197.929296 sending message 110 to peer 0x7fb81d831000 (0 bytes)
1717048197.929302 sending message 107 to peer 0x7fb81d831000 (4 bytes)
1717048197.929307 sending message 105 to peer 0x7fb81d831000 (15 bytes)
1717048197.929312 sending message 105 to peer 0x7fb81d831000 (20 bytes)
1717048197.929317 sending message 105 to peer 0x7fb81d831000 (22 bytes)
1717048197.929322 sending message 105 to peer 0x7fb81d831000 (64 bytes)
1717048197.929330 sending message 105 to peer 0x7fb81d831000 (28 bytes)
1717048197.929335 sending message 105 to peer 0x7fb81d831000 (22 bytes)
1717048197.929340 sending message 105 to peer 0x7fb81d831000 (61 bytes)
1717048197.929345 sending message 105 to peer 0x7fb81d831000 (17 bytes)
1717048197.929350 sending message 105 to peer 0x7fb81d831000 (19 bytes)
1717048197.929356 sending message 105 to peer 0x7fb81d831000 (26 bytes)
1717048197.929361 sending message 105 to peer 0x7fb81d831000 (24 bytes)
1717048197.929366 sending message 105 to peer 0x7fb81d831000 (32 bytes)
1717048197.929371 sending message 105 to peer 0x7fb81d831000 (96 bytes)
1717048197.929378 sending message 105 to peer 0x7fb81d831000 (35 bytes)
1717048197.929383 sending message 105 to peer 0x7fb81d831000 (83 bytes)
1717048197.929389 sending message 105 to peer 0x7fb81d831000 (12 bytes)
1717048197.929394 sending message 105 to peer 0x7fb81d831000 (819 bytes)
1717048197.929416 sending message 105 to peer 0x7fb81d831000 (16 bytes)
1717048197.929422 sending message 105 to peer 0x7fb81d831000 (80 bytes)
1717048197.929427 sending message 105 to peer 0x7fb81d831000 (15 bytes)
1717048197.929433 sending message 105 to peer 0x7fb81d831000 (8 bytes)
1717048197.929438 sending message 105 to peer 0x7fb81d831000 (66 bytes)
1717048197.929443 sending message 105 to peer 0x7fb81d831000 (21 bytes)
1717048197.929458 sending message 105 to peer 0x7fb81d831000 (86 bytes)
1717048197.929463 sending message 105 to peer 0x7fb81d831000 (44 bytes)
1717048197.929468 sending message 105 to peer 0x7fb81d831000 (18 bytes)
1717048197.929473 sending message 105 to peer 0x7fb81d831000 (25 bytes)
1717048197.929478 sending message 105 to peer 0x7fb81d831000 (60 bytes)
1717048197.929483 sending message 105 to peer 0x7fb81d831000 (57 bytes)
1717048197.929488 sending message 105 to peer 0x7fb81d831000 (43 bytes)
1717048197.929493 sending message 105 to peer 0x7fb81d831000 (13 bytes)
1717048197.929498 sending message 105 to peer 0x7fb81d831000 (63 bytes)
1717048197.929503 sending message 105 to peer 0x7fb81d831000 (21 bytes)
1717048197.929508 sending message 105 to peer 0x7fb81d831000 (14 bytes)
1717048197.929514 sending message 105 to peer 0x7fb81d831000 (19 bytes)
1717048197.929519 sending message 105 to peer 0x7fb81d831000 (55 bytes)
1717048197.929524 sending message 105 to peer 0x7fb81d831000 (50 bytes)
1717048197.929529 sending message 105 to peer 0x7fb81d831000 (26 bytes)
1717048197.929534 sending message 105 to peer 0x7fb81d831000 (22 bytes)
1717048197.929539 sending message 105 to peer 0x7fb81d831000 (43 bytes)
1717048197.929544 sending message 105 to peer 0x7fb81d831000 (32 bytes)
1717048197.929549 sending message 105 to peer 0x7fb81d831000 (17 bytes)
1717048197.929554 sending message 105 to peer 0x7fb81d831000 (10 bytes)
1717048197.929559 sending message 105 to peer 0x7fb81d831000 (22 bytes)
1717048197.929564 sending message 106 to peer 0x7fb81d831000 (0 bytes)
1717048197.929626 sending message 200 to peer 0x7fb81d831000 (4 bytes)
1717048197.929634 client loop enter
1717048197.929925 peer 0x7fb81d831000 message 303
1717048197.929948 open write file 2 -
1717048197.929976 sending message 305 to peer 0x7fb81d831000 (8 bytes)
1717048197.929999 write check file 2
1717048197.930080 peer 0x7fb81d831000 message 304
1717048197.930097 write 58 to file 2
1717048197.930126 peer 0x7fb81d831000 message 203
1717048197.930134 file 2 58 bytes left
1717048197.930151 write check file 2
1717048197.930158 client loop exit
